{
  "stats": {
    "suites": 9,
    "tests": 9,
    "passes": 9,
    "pending": 0,
    "failures": 0,
    "start": "2022-11-29T18:47:09.613Z",
    "end": "2022-11-29T18:47:11.806Z",
    "duration": 2193,
    "testsRegistered": 9,
    "passPercent": 100,
    "pendingPercent": 0,
    "other": 0,
    "hasOther": false,
    "skipped": 0,
    "hasSkipped": false
  },
  "results": [
    {
      "uuid": "6f6ce373-231e-410d-b23a-c344199d36e2",
      "title": "",
      "fullFile": "",
      "file": "",
      "beforeHooks": [],
      "afterHooks": [
        {
          "title": "\"after all\" hook in \"{root}\"",
          "fullTitle": "\"after all\" hook in \"{root}\"",
          "timedOut": false,
          "duration": 1,
          "state": null,
          "speed": null,
          "pass": false,
          "fail": false,
          "pending": false,
          "context": null,
          "code": "done();",
          "err": {},
          "uuid": "d4148491-e55b-4863-b592-1f00b74ecfd8",
          "parentUUID": "6f6ce373-231e-410d-b23a-c344199d36e2",
          "isHook": true,
          "skipped": false
        }
      ],
      "tests": [],
      "suites": [
        {
          "uuid": "c2331618-0da2-4b7b-aa03-c75e0b50e768",
          "title": "POST /api/mekanlar",
          "fullFile": "C:\\Users\\HUAWEI\\Desktop\\mekanbul-Odev5\\test.js",
          "file": "\\test.js",
          "beforeHooks": [],
          "afterHooks": [],
          "tests": [
            {
              "title": "Yeni mekan ekle:",
              "fullTitle": "POST /api/mekanlar Yeni mekan ekle:",
              "timedOut": false,
              "duration": 234,
              "state": "passed",
              "speed": "slow",
              "pass": true,
              "fail": false,
              "pending": false,
              "context": null,
              "code": "const response = await request.post(\"/api/mekanlar\").send({\n  ad: \"Starbucks\",\n  adres: \"Centrum Garden\",\n  puan: 5,\n  imkanlar: \"çay,kahve,pasta\",\n  enlem: 37.83226584629666,\n  boylam: 30.524732239878013,\n  gunler1: \"Pazartesi-Cuma\",\n  acilis1: \"9:00\",\n  kapanis1: \"23:00\",\n  kapali1: false,\n  gunler2: \"Cumartesi-Pazar\",\n  acilis2: \"11:00\",\n  kapanis2: \"17:00\",\n  kapali2: false,\n});\nexpect(response.status).to.eql(201);\nprocess.env.mekanid = response.body._id;",
              "err": {},
              "uuid": "00f4c826-c7d6-4a68-8b7e-efa0f8211e23",
              "parentUUID": "c2331618-0da2-4b7b-aa03-c75e0b50e768",
              "isHook": false,
              "skipped": false
            }
          ],
          "suites": [],
          "passes": [
            "00f4c826-c7d6-4a68-8b7e-efa0f8211e23"
          ],
          "failures": [],
          "pending": [],
          "skipped": [],
          "duration": 234,
          "root": false,
          "rootEmpty": false,
          "_timeout": 10000
        },
        {
          "uuid": "55d17d14-2467-47c1-9591-0c326754063c",
          "title": "GET /api/mekanlar",
          "fullFile": "C:\\Users\\HUAWEI\\Desktop\\mekanbul-Odev5\\test.js",
          "file": "\\test.js",
          "beforeHooks": [],
          "afterHooks": [],
          "tests": [
            {
              "title": "Girilen konum civarındaki tüm mekanları listele:",
              "fullTitle": "GET /api/mekanlar Girilen konum civarındaki tüm mekanları listele:",
              "timedOut": false,
              "duration": 163,
              "state": "passed",
              "speed": "slow",
              "pass": true,
              "fail": false,
              "pending": false,
              "context": null,
              "code": "const response = await request.get(\"/api/mekanlar?enlem=37&boylam=35\");\nexpect(response.status).to.eql(200);",
              "err": {},
              "uuid": "a26826ac-b706-40a6-8aa4-6d91331853eb",
              "parentUUID": "55d17d14-2467-47c1-9591-0c326754063c",
              "isHook": false,
              "skipped": false
            }
          ],
          "suites": [],
          "passes": [
            "a26826ac-b706-40a6-8aa4-6d91331853eb"
          ],
          "failures": [],
          "pending": [],
          "skipped": [],
          "duration": 163,
          "root": false,
          "rootEmpty": false,
          "_timeout": 10000
        },
        {
          "uuid": "610e08ea-3fe4-4786-9779-6141fb226bf8",
          "title": "GET /api/mekanlar/:mekanid",
          "fullFile": "C:\\Users\\HUAWEI\\Desktop\\mekanbul-Odev5\\test.js",
          "file": "\\test.js",
          "beforeHooks": [],
          "afterHooks": [],
          "tests": [
            {
              "title": "Mekan getir:",
              "fullTitle": "GET /api/mekanlar/:mekanid Mekan getir:",
              "timedOut": false,
              "duration": 159,
              "state": "passed",
              "speed": "slow",
              "pass": true,
              "fail": false,
              "pending": false,
              "context": null,
              "code": "const response = await request.get(`/api/mekanlar/${process.env.mekanid}`);\nexpect(response.status).to.eql(200);",
              "err": {},
              "uuid": "080e7197-76d2-4a5e-8aba-049b343d26d8",
              "parentUUID": "610e08ea-3fe4-4786-9779-6141fb226bf8",
              "isHook": false,
              "skipped": false
            }
          ],
          "suites": [],
          "passes": [
            "080e7197-76d2-4a5e-8aba-049b343d26d8"
          ],
          "failures": [],
          "pending": [],
          "skipped": [],
          "duration": 159,
          "root": false,
          "rootEmpty": false,
          "_timeout": 10000
        },
        {
          "uuid": "bd2c8472-9104-4448-8825-61181702c7d6",
          "title": "PUT /api/mekanlar/:mekanid",
          "fullFile": "C:\\Users\\HUAWEI\\Desktop\\mekanbul-Odev5\\test.js",
          "file": "\\test.js",
          "beforeHooks": [],
          "afterHooks": [],
          "tests": [
            {
              "title": "Mekan Güncelle:",
              "fullTitle": "PUT /api/mekanlar/:mekanid Mekan Güncelle:",
              "timedOut": false,
              "duration": 318,
              "state": "passed",
              "speed": "slow",
              "pass": true,
              "fail": false,
              "pending": false,
              "context": null,
              "code": "const response = await request\n  .put(`/api/mekanlar/${process.env.mekanid}`)\n  .send({\n    ad: \"Starbucks SDÜ\",\n    adres: \"SDÜ Doğu Kampüsü\",\n    puan: 3,\n    imkanlar: \"çay,kahve,pasta,refresher\",\n    enlem: 37.8,\n    boylam: 30.5,\n    gunler1: \"Pazartesi-Cuma\",\n    acilis1: \"9:10\",\n    kapanis1: \"23:10\",\n    kapali1: true,\n    gunler2: \"Cumartesi-Pazar\",\n    acilis2: \"11:10\",\n    kapanis2: \"17:10\",\n    kapali2: true,\n  });\nexpect(response.status).to.eql(200);",
              "err": {},
              "uuid": "26ab2a93-8e3d-4d6d-bc9b-f0174d669d24",
              "parentUUID": "bd2c8472-9104-4448-8825-61181702c7d6",
              "isHook": false,
              "skipped": false
            }
          ],
          "suites": [],
          "passes": [
            "26ab2a93-8e3d-4d6d-bc9b-f0174d669d24"
          ],
          "failures": [],
          "pending": [],
          "skipped": [],
          "duration": 318,
          "root": false,
          "rootEmpty": false,
          "_timeout": 10000
        },
        {
          "uuid": "a21aacb6-ca0c-4db4-9829-e19df4a0cb62",
          "title": "POST /api/mekanlar/:mekanid/yorumlar",
          "fullFile": "C:\\Users\\HUAWEI\\Desktop\\mekanbul-Odev5\\test.js",
          "file": "\\test.js",
          "beforeHooks": [],
          "afterHooks": [],
          "tests": [
            {
              "title": "Yorum ekle:",
              "fullTitle": "POST /api/mekanlar/:mekanid/yorumlar Yorum ekle:",
              "timedOut": false,
              "duration": 309,
              "state": "passed",
              "speed": "slow",
              "pass": true,
              "fail": false,
              "pending": false,
              "context": null,
              "code": "const response = await request\n  .post(`/api/mekanlar/${process.env.mekanid}/yorumlar`)\n  .send({\n    yorumYapan: \"ASY\",\n    puan: 5,\n    yorumMetni: \"Kahveler harika\",\n  });\nprocess.env.yorumid = response.body._id;\nexpect(response.status).to.eql(201);",
              "err": {},
              "uuid": "c7e7ee18-5ff0-461b-828f-74836e1793e6",
              "parentUUID": "a21aacb6-ca0c-4db4-9829-e19df4a0cb62",
              "isHook": false,
              "skipped": false
            }
          ],
          "suites": [],
          "passes": [
            "c7e7ee18-5ff0-461b-828f-74836e1793e6"
          ],
          "failures": [],
          "pending": [],
          "skipped": [],
          "duration": 309,
          "root": false,
          "rootEmpty": false,
          "_timeout": 10000
        },
        {
          "uuid": "2f7b5a51-8559-4418-9888-1a9e7bebc675",
          "title": "GET /api/mekanlar/:mekanid/yorumlar/:yorumid",
          "fullFile": "C:\\Users\\HUAWEI\\Desktop\\mekanbul-Odev5\\test.js",
          "file": "\\test.js",
          "beforeHooks": [],
          "afterHooks": [],
          "tests": [
            {
              "title": "Yorum getir:",
              "fullTitle": "GET /api/mekanlar/:mekanid/yorumlar/:yorumid Yorum getir:",
              "timedOut": false,
              "duration": 183,
              "state": "passed",
              "speed": "slow",
              "pass": true,
              "fail": false,
              "pending": false,
              "context": null,
              "code": "const response = await request.get(\n  `/api/mekanlar/${process.env.mekanid}/yorumlar/${process.env.yorumid}`\n);\nexpect(response.status).to.eql(200);",
              "err": {},
              "uuid": "078eac95-4c4a-462e-99d8-14722cf274d2",
              "parentUUID": "2f7b5a51-8559-4418-9888-1a9e7bebc675",
              "isHook": false,
              "skipped": false
            }
          ],
          "suites": [],
          "passes": [
            "078eac95-4c4a-462e-99d8-14722cf274d2"
          ],
          "failures": [],
          "pending": [],
          "skipped": [],
          "duration": 183,
          "root": false,
          "rootEmpty": false,
          "_timeout": 10000
        },
        {
          "uuid": "c53055a5-ca78-4532-ba28-5be8b46a7b97",
          "title": "PUT /api/mekanlar/:mekanid/yorumlar/:yorumid",
          "fullFile": "C:\\Users\\HUAWEI\\Desktop\\mekanbul-Odev5\\test.js",
          "file": "\\test.js",
          "beforeHooks": [],
          "afterHooks": [],
          "tests": [
            {
              "title": "Yorum güncelle:",
              "fullTitle": "PUT /api/mekanlar/:mekanid/yorumlar/:yorumid Yorum güncelle:",
              "timedOut": false,
              "duration": 297,
              "state": "passed",
              "speed": "slow",
              "pass": true,
              "fail": false,
              "pending": false,
              "context": null,
              "code": "const response = await request\n  .put(\n    `/api/mekanlar/${process.env.mekanid}/yorumlar/${process.env.yorumid}`\n  )\n  .send({\n    yorumYapan: \"Sinan\",\n    puan: 4,\n    yorumMetni: \"Kahveler harikaaaa\",\n  });\nexpect(response.status).to.eql(200);",
              "err": {},
              "uuid": "7900bb44-b397-460f-864e-803ee36be0ce",
              "parentUUID": "c53055a5-ca78-4532-ba28-5be8b46a7b97",
              "isHook": false,
              "skipped": false
            }
          ],
          "suites": [],
          "passes": [
            "7900bb44-b397-460f-864e-803ee36be0ce"
          ],
          "failures": [],
          "pending": [],
          "skipped": [],
          "duration": 297,
          "root": false,
          "rootEmpty": false,
          "_timeout": 10000
        },
        {
          "uuid": "535a95ca-1f6d-4b9b-a45c-e45abf9d8aa1",
          "title": "DELETE /api/mekanlar/:mekanid/yorumlar/:yorumid",
          "fullFile": "C:\\Users\\HUAWEI\\Desktop\\mekanbul-Odev5\\test.js",
          "file": "\\test.js",
          "beforeHooks": [],
          "afterHooks": [],
          "tests": [
            {
              "title": "Yorum sil:",
              "fullTitle": "DELETE /api/mekanlar/:mekanid/yorumlar/:yorumid Yorum sil:",
              "timedOut": false,
              "duration": 311,
              "state": "passed",
              "speed": "slow",
              "pass": true,
              "fail": false,
              "pending": false,
              "context": null,
              "code": "const response = await request.delete(\n  `/api/mekanlar/${process.env.mekanid}/yorumlar/${process.env.yorumid}`\n);\nexpect(response.status).to.eql(200);",
              "err": {},
              "uuid": "49ccadb9-edcc-4a05-9888-453e49305185",
              "parentUUID": "535a95ca-1f6d-4b9b-a45c-e45abf9d8aa1",
              "isHook": false,
              "skipped": false
            }
          ],
          "suites": [],
          "passes": [
            "49ccadb9-edcc-4a05-9888-453e49305185"
          ],
          "failures": [],
          "pending": [],
          "skipped": [],
          "duration": 311,
          "root": false,
          "rootEmpty": false,
          "_timeout": 10000
        },
        {
          "uuid": "2c691887-4773-4c42-8a70-999f2586ca31",
          "title": "DELETE /api/mekanlar/:mekanid",
          "fullFile": "C:\\Users\\HUAWEI\\Desktop\\mekanbul-Odev5\\test.js",
          "file": "\\test.js",
          "beforeHooks": [],
          "afterHooks": [],
          "tests": [
            {
              "title": "Mekan sil:",
              "fullTitle": "DELETE /api/mekanlar/:mekanid Mekan sil:",
              "timedOut": false,
              "duration": 155,
              "state": "passed",
              "speed": "slow",
              "pass": true,
              "fail": false,
              "pending": false,
              "context": null,
              "code": "const response = await request.delete(\n  `/api/mekanlar/${process.env.mekanid}`\n);\nexpect(response.status).to.eql(200);",
              "err": {},
              "uuid": "60406fac-0f86-4081-93f4-852ffffb2f09",
              "parentUUID": "2c691887-4773-4c42-8a70-999f2586ca31",
              "isHook": false,
              "skipped": false
            }
          ],
          "suites": [],
          "passes": [
            "60406fac-0f86-4081-93f4-852ffffb2f09"
          ],
          "failures": [],
          "pending": [],
          "skipped": [],
          "duration": 155,
          "root": false,
          "rootEmpty": false,
          "_timeout": 10000
        }
      ],
      "passes": [],
      "failures": [],
      "pending": [],
      "skipped": [],
      "duration": 0,
      "root": true,
      "rootEmpty": true,
      "_timeout": 10000
    }
  ],
  "meta": {
    "mocha": {
      "version": "10.1.0"
    },
    "mochawesome": {
      "options": {
        "quiet": false,
        "reportFilename": "mochawesome",
        "saveHtml": true,
        "saveJson": true,
        "consoleReporter": "spec",
        "useInlineDiffs": false,
        "code": true
      },
      "version": "7.1.3"
    },
    "marge": {
      "options": null,
      "version": "6.2.0"
    }
  }
}